rollout q='Let $\bigtriangleup PQR$ be a triangle with $\angle P = 75^o$ and $\angle Q = 60^o$ . A regular hexagon $ABCDEF$ with side length 1 is drawn inside $\triangle PQR$ so that side $\overline{AB}$ lies on $\overline{PQ}$ , side $\overline{CD}$ lies on $\overline{QR}$ , and one of the remaining vertices lies on $\overline{RP}$ . There are positive integers $a, b, c,$ and $d$ such that the area of $\triangle PQR$ can be expressed in the form $\frac{a+b\sqrt{c}}{d}$ , where $a$ and $d$ are relatively prime, and c is not divisible by the square of any prime. Find $a+b+c+d$ .', a='21', returns=0.01, replay_buffer_size=0, sequence_ids=torch.Size([8, 1024])
rollout q='For how many ordered pairs of positive integers $(x,y),$ with $y<x\le 100,$ are both $\frac xy$ and $\frac{x+1}{y+1}$ integers?', a='85', returns=0.02, replay_buffer_size=8, sequence_ids=torch.Size([8, 1024])
rollout q='Let $a_{0} = 2$ , $a_{1} = 5$ , and $a_{2} = 8$ , and for $n > 2$ define $a_{n}$ recursively to be the remainder when $4(a_{n-1} + a_{n-2} + a_{n-3})$ is divided by $11$ . Find $a_{2018} \cdot a_{2020} \cdot a_{2022}$ .', a='112', returns=0.00, replay_buffer_size=16, sequence_ids=torch.Size([8, 1024])
rollout q='The solutions to the system of equations \begin{align*} \log_{225}{x}+\log_{64}{y} = 4\\ \log_{x}{225}- \log_{y}{64} = 1 \end{align*} are $(x_1,y_1)$ and $(x_2, y_2)$ . Find $\log_{30}{(x_1y_1x_2y_2)}$ .', a='12', returns=0.00, replay_buffer_size=24, sequence_ids=torch.Size([8, 1024])
rollout q='A regular hexagon with center at the origin in the complex plane has opposite pairs of sides one unit apart. One pair of sides is parallel to the imaginary axis. Let $R$ be the region outside the hexagon, and let $S = \left\lbrace\frac{1}{z}|z \in R\right\rbrace$ . Then the area of $S$ has the form $a\pi + \sqrt{b}$ , where $a$ and $b$ are positive integers. Find $a + b$ .', a='29', returns=0.00, replay_buffer_size=32, sequence_ids=torch.Size([8, 1024])
rollout q='A certain function $f$ has the properties that $f(3x) = 3f(x)$ for all positive real values of $x$ , and that $f(x) = 1 - |x - 2|$ for $1\leq x \leq 3$ . Find the smallest $x$ for which $f(x) = f(2001)$ .', a='429', returns=0.00, replay_buffer_size=40, sequence_ids=torch.Size([8, 1024])
rollout q='Each of the 2001 students at a high school studies either Spanish or French, and some study both. The number who study Spanish is between 80 percent and 85 percent of the school population, and the number who study French is between 30 percent and 40 percent. Let $m$ be the smallest number of students who could study both languages, and let $M$ be the largest number of students who could study both languages. Find $M-m$ .', a='298', returns=0.00, replay_buffer_size=48, sequence_ids=torch.Size([8, 988])
rollout q='In $\triangle ABC$ , $AB=10$ , $\measuredangle A=30^{\circ}$ , and $\measuredangle C=45^{\circ}$ . Let $H$ , $D$ , and $M$ be points on line $\overline{BC}$ such that $AH\perp BC$ , $\measuredangle BAD=\measuredangle CAD$ , and $BM=CM$ . Point $N$ is the midpoint of segment $HM$ , and point $P$ is on ray $AD$ such that $PN\perp BC$ . Then $AP^2=\frac{m}{n}$ , where $m$ and $n$ are relatively prime positive integers. Find $m+n$ .', a='77', returns=0.03, replay_buffer_size=56, sequence_ids=torch.Size([8, 848])
rollout q='What is the largest even integer that cannot be written as the sum of two odd composite numbers? ', a='38', returns=0.00, replay_buffer_size=64, sequence_ids=torch.Size([8, 463])
rollout q='A jar has 10 red candies and 10 blue candies. Terry picks two candies at random, then Mary picks two of the remaining candies at random. Given that the probability that they get the same color combination, irrespective of order, is $m/n,$ where $m$ and $n$ are relatively prime positive integers, find $m+n.$', a='441', returns=0.01, replay_buffer_size=72, sequence_ids=torch.Size([8, 717])
rollout q='Let $m$ and $n$ be odd integers greater than $1.$ An $m\times n$ rectangle is made up of unit squares where the squares in the top row are numbered left to right with the integers $1$ through $n$ , those in the second row are numbered left to right with the integers $n + 1$ through $2n$ , and so on. Square $200$ is in the top row, and square $2000$ is in the bottom row. Find the number of ordered pairs $(m,n)$ of odd integers greater than $1$ with the property that, in the $m\times n$ rectangle, the line through the centers of squares $200$ and $2000$ intersects the interior of square $1099$ .', a='248', returns=0.04, replay_buffer_size=80, sequence_ids=torch.Size([8, 1024])
rollout q='The workers in a factory produce widgets and whoosits. For each product, production time is constant and identical for all workers, but not necessarily equal for the two products. In one hour, $100$ workers can produce $300$ widgets and $200$ whoosits. In two hours, $60$ workers can produce $240$ widgets and $300$ whoosits. In three hours, $50$ workers can produce $150$ widgets and $m$ whoosits. Find $m$ .', a='450', returns=0.03, replay_buffer_size=88, sequence_ids=torch.Size([8, 931])
rollout q='Six congruent circles form a ring with each circle externally tangent to two circles adjacent to it. All circles are internally tangent to a circle $C$ with radius 30. Let $K$ be the area of the region inside circle $C$ and outside of the six circles in the ring. Find $\lfloor K \rfloor.$', a='942', returns=0.01, replay_buffer_size=96, sequence_ids=torch.Size([8, 1024])
rollout q='As shown in the figure, $\triangle ABC$ is divided into six smaller triangles by lines drawn from the vertices through a common interior point. The areas of four of these triangles are as indicated. Find the area of $\triangle ABC$ . AIME 1985 Problem 6.png', a='315', returns=0.04, replay_buffer_size=104, sequence_ids=torch.Size([8, 326])
rollout q='Let $a_{10} = 10$ , and for each positive integer $n >10$ let $a_n = 100a_{n - 1} + n$ . Find the least positive $n > 10$ such that $a_n$ is a multiple of $99$ .', a='45', returns=0.02, replay_buffer_size=112, sequence_ids=torch.Size([8, 635])
rollout q='Triangle $ABC$ has side lengths $AB=4$ , $BC=5$ , and $CA=6$ . Points $D$ and $E$ are on ray $AB$ with $AB<AD<AE$ . The point $F \neq C$ is a point of intersection of the circumcircles of $\triangle ACD$ and $\triangle EBC$ satisfying $DF=2$ and $EF=7$ . Then $BE$ can be expressed as $\tfrac{a+b\sqrt{c}}{d}$ , where $a$ , $b$ , $c$ , and $d$ are positive integers such that $a$ and $d$ are relatively prime, and $c$ is not divisible by the square of any prime. Find $a+b+c+d$ .', a='32', returns=0.01, replay_buffer_size=120, sequence_ids=torch.Size([8, 1024])
returns of step 0: 0.2200
0: kl= 0.0000, grad_norm= 3.5312
0: kl= 0.0030, grad_norm= 5.0625
0: kl= 0.0016, grad_norm= 3.5469
0: kl= 0.0014, grad_norm= 13.7500
0: kl= 0.0023, grad_norm= 17.0000
0: kl= 0.0049, grad_norm= 5.0625
0: kl= 0.0018, grad_norm= 7.1250
0: kl= 0.0025, grad_norm= 9.0625
0: kl= 0.0028, grad_norm= 2.1719
0: kl= 0.0010, grad_norm= 8.9375
0: kl= 0.0029, grad_norm= 2.8594
0: kl= 0.0011, grad_norm= 6.0312
0: kl= 0.0011, grad_norm= 4.2188
0: kl= 0.0013, grad_norm= 6.0312
0: kl= 0.0012, grad_norm= 12.3125
0: kl= 0.0010, grad_norm= 3.5781
Traceback (most recent call last):
  File "/usr/local/lib/python3.11/dist-packages/torch/utils/data/_utils/collate.py", line 171, in collate
    {
  File "/usr/local/lib/python3.11/dist-packages/torch/utils/data/_utils/collate.py", line 172, in <dictcomp>
    key: collate(
         ^^^^^^^^
  File "/usr/local/lib/python3.11/dist-packages/torch/utils/data/_utils/collate.py", line 240, in collate
    raise TypeError(default_collate_err_msg_format.format(elem_type))
TypeError: default_collate: batch must contain tensors, numpy arrays, numbers, dicts or lists; found <class 'NoneType'>

During handling of the above exception, another exception occurred:

Traceback (most recent call last):
  File "/content/tiny-grpo/train_aime2024.py", line 384, in <module>
    main()
  File "/content/tiny-grpo/train_aime2024.py", line 268, in main
    for k, prompt_batch in enumerate(prompt_loader):
  File "/usr/local/lib/python3.11/dist-packages/torch/utils/data/dataloader.py", line 701, in __next__
    data = self._next_data()
           ^^^^^^^^^^^^^^^^^
  File "/usr/local/lib/python3.11/dist-packages/torch/utils/data/dataloader.py", line 757, in _next_data
    data = self._dataset_fetcher.fetch(index)  # may raise StopIteration
           ^^^^^^^^^^^^^^^^^^^^^^^^^^^^^^^^^^
  File "/usr/local/lib/python3.11/dist-packages/torch/utils/data/_utils/fetch.py", line 55, in fetch
    return self.collate_fn(data)
           ^^^^^^^^^^^^^^^^^^^^^
  File "/usr/local/lib/python3.11/dist-packages/torch/utils/data/_utils/collate.py", line 398, in default_collate
    return collate(batch, collate_fn_map=default_collate_fn_map)
           ^^^^^^^^^^^^^^^^^^^^^^^^^^^^^^^^^^^^^^^^^^^^^^^^^^^^^
  File "/usr/local/lib/python3.11/dist-packages/torch/utils/data/_utils/collate.py", line 191, in collate
    return {
           ^
  File "/usr/local/lib/python3.11/dist-packages/torch/utils/data/_utils/collate.py", line 192, in <dictcomp>
    key: collate([d[key] for d in batch], collate_fn_map=collate_fn_map)
         ^^^^^^^^^^^^^^^^^^^^^^^^^^^^^^^^^^^^^^^^^^^^^^^^^^^^^^^^^^^^^^^
  File "/usr/local/lib/python3.11/dist-packages/torch/utils/data/_utils/collate.py", line 240, in collate
    raise TypeError(default_collate_err_msg_format.format(elem_type))
TypeError: default_collate: batch must contain tensors, numpy arrays, numbers, dicts or lists; found <class 'NoneType'>
